2024-02-04 17:39:01,036 [INFO] com.example.loggingDemo.LoggingDemoApplication [main] Starting LoggingDemoApplication using Java 17.0.6 with PID 22172 (D:\IdeaProjects\loggingDemo\target\classes started by ASUS in D:\IdeaProjects\loggingDemo)
2024-02-04 17:39:01,037 [DEBUG] com.example.loggingDemo.LoggingDemoApplication [main] Running with Spring Boot v3.2.2, Spring v6.1.3
2024-02-04 17:39:01,038 [INFO] com.example.loggingDemo.LoggingDemoApplication [main] No active profile set, falling back to 1 default profile: "default"
2024-02-04 17:39:01,429 [INFO] org.springframework.boot.web.embedded.tomcat.TomcatWebServer [main] Tomcat initialized with port 8080 (http)
2024-02-04 17:39:01,435 [INFO] org.apache.catalina.core.StandardService [main] Starting service [Tomcat]
2024-02-04 17:39:01,436 [INFO] org.apache.catalina.core.StandardEngine [main] Starting Servlet engine: [Apache Tomcat/10.1.18]
2024-02-04 17:39:01,461 [INFO] org.apache.catalina.core.ContainerBase.[Tomcat].[localhost].[/] [main] Initializing Spring embedded WebApplicationContext
2024-02-04 17:39:01,462 [INFO] org.springframework.boot.web.servlet.context.ServletWebServerApplicationContext [main] Root WebApplicationContext: initialization completed in 398 ms
2024-02-04 17:39:01,630 [INFO] org.springframework.boot.web.embedded.tomcat.TomcatWebServer [main] Tomcat started on port 8080 (http) with context path ''
2024-02-04 17:39:01,635 [INFO] com.example.loggingDemo.LoggingDemoApplication [main] Started LoggingDemoApplication in 0.798 seconds (process running for 1.058)
2024-02-04 17:39:04,071 [INFO] org.apache.catalina.core.ContainerBase.[Tomcat].[localhost].[/] [http-nio-8080-exec-1] Initializing Spring DispatcherServlet 'dispatcherServlet'
2024-02-04 17:39:04,071 [INFO] org.springframework.web.servlet.DispatcherServlet [http-nio-8080-exec-1] Initializing Servlet 'dispatcherServlet'
2024-02-04 17:39:04,072 [INFO] org.springframework.web.servlet.DispatcherServlet [http-nio-8080-exec-1] Completed initialization in 1 ms
2024-02-04 17:39:04,085 [ERROR] com.example.loggingDemo.LoggingController [http-nio-8080-exec-1] there is an error
2024-02-04 17:39:04,085 [TRACE] com.example.loggingDemo.LoggingController [http-nio-8080-exec-1] Trace Trace Trace!!! home accessed!
2024-02-04 17:39:04,085 [INFO] com.example.loggingDemo.LoggingController [http-nio-8080-exec-1] Logger INFO!
2024-02-04 17:39:04,085 [WARN] com.example.loggingDemo.LoggingController [http-nio-8080-exec-1] Logger WARN!!!!!!
2024-02-04 17:39:04,840 [ERROR] com.example.loggingDemo.LoggingController [http-nio-8080-exec-2] there is an error
2024-02-04 17:39:04,841 [TRACE] com.example.loggingDemo.LoggingController [http-nio-8080-exec-2] Trace Trace Trace!!! home accessed!
2024-02-04 17:39:04,841 [INFO] com.example.loggingDemo.LoggingController [http-nio-8080-exec-2] Logger INFO!
2024-02-04 17:39:04,841 [WARN] com.example.loggingDemo.LoggingController [http-nio-8080-exec-2] Logger WARN!!!!!!
2024-02-04 17:39:05,528 [ERROR] com.example.loggingDemo.LoggingController [http-nio-8080-exec-3] there is an error
2024-02-04 17:39:05,529 [TRACE] com.example.loggingDemo.LoggingController [http-nio-8080-exec-3] Trace Trace Trace!!! home accessed!
2024-02-04 17:39:05,529 [INFO] com.example.loggingDemo.LoggingController [http-nio-8080-exec-3] Logger INFO!
2024-02-04 17:39:05,529 [WARN] com.example.loggingDemo.LoggingController [http-nio-8080-exec-3] Logger WARN!!!!!!
2024-02-04 17:39:13,751 [ERROR] com.example.loggingDemo.LoggingController [http-nio-8080-exec-7] there is an error
2024-02-04 17:39:13,752 [TRACE] com.example.loggingDemo.LoggingController [http-nio-8080-exec-7] Trace Trace Trace!!! home accessed!
2024-02-04 17:39:13,752 [INFO] com.example.loggingDemo.LoggingController [http-nio-8080-exec-7] Logger INFO!
2024-02-04 17:39:13,752 [WARN] com.example.loggingDemo.LoggingController [http-nio-8080-exec-7] Logger WARN!!!!!!
2024-02-04 17:39:14,913 [ERROR] com.example.loggingDemo.LoggingController [http-nio-8080-exec-6] there is an error
2024-02-04 17:39:14,913 [TRACE] com.example.loggingDemo.LoggingController [http-nio-8080-exec-6] Trace Trace Trace!!! home accessed!
2024-02-04 17:39:14,913 [INFO] com.example.loggingDemo.LoggingController [http-nio-8080-exec-6] Logger INFO!
2024-02-04 17:39:14,913 [WARN] com.example.loggingDemo.LoggingController [http-nio-8080-exec-6] Logger WARN!!!!!!
2024-02-04 17:39:16,290 [ERROR] com.example.loggingDemo.LoggingController [http-nio-8080-exec-5] there is an error
2024-02-04 17:39:16,290 [TRACE] com.example.loggingDemo.LoggingController [http-nio-8080-exec-5] Trace Trace Trace!!! home accessed!
2024-02-04 17:39:16,290 [INFO] com.example.loggingDemo.LoggingController [http-nio-8080-exec-5] Logger INFO!
2024-02-04 17:39:16,290 [WARN] com.example.loggingDemo.LoggingController [http-nio-8080-exec-5] Logger WARN!!!!!!
2024-02-04 17:39:16,496 [ERROR] com.example.loggingDemo.LoggingController [http-nio-8080-exec-4] there is an error
2024-02-04 17:39:16,497 [TRACE] com.example.loggingDemo.LoggingController [http-nio-8080-exec-4] Trace Trace Trace!!! home accessed!
2024-02-04 17:39:16,497 [INFO] com.example.loggingDemo.LoggingController [http-nio-8080-exec-4] Logger INFO!
2024-02-04 17:39:16,497 [WARN] com.example.loggingDemo.LoggingController [http-nio-8080-exec-4] Logger WARN!!!!!!
2024-02-04 17:39:16,865 [ERROR] com.example.loggingDemo.LoggingController [http-nio-8080-exec-8] there is an error
2024-02-04 17:39:16,865 [TRACE] com.example.loggingDemo.LoggingController [http-nio-8080-exec-8] Trace Trace Trace!!! home accessed!
2024-02-04 17:39:16,865 [INFO] com.example.loggingDemo.LoggingController [http-nio-8080-exec-8] Logger INFO!
2024-02-04 17:39:16,865 [WARN] com.example.loggingDemo.LoggingController [http-nio-8080-exec-8] Logger WARN!!!!!!
2024-02-04 17:39:17,077 [ERROR] com.example.loggingDemo.LoggingController [http-nio-8080-exec-9] there is an error
2024-02-04 17:39:17,078 [TRACE] com.example.loggingDemo.LoggingController [http-nio-8080-exec-9] Trace Trace Trace!!! home accessed!
2024-02-04 17:39:17,078 [INFO] com.example.loggingDemo.LoggingController [http-nio-8080-exec-9] Logger INFO!
2024-02-04 17:39:17,078 [WARN] com.example.loggingDemo.LoggingController [http-nio-8080-exec-9] Logger WARN!!!!!!
2024-02-04 17:39:17,263 [ERROR] com.example.loggingDemo.LoggingController [http-nio-8080-exec-10] there is an error
2024-02-04 17:39:17,263 [TRACE] com.example.loggingDemo.LoggingController [http-nio-8080-exec-10] Trace Trace Trace!!! home accessed!
2024-02-04 17:39:17,263 [INFO] com.example.loggingDemo.LoggingController [http-nio-8080-exec-10] Logger INFO!
2024-02-04 17:39:17,263 [WARN] com.example.loggingDemo.LoggingController [http-nio-8080-exec-10] Logger WARN!!!!!!
2024-02-04 17:39:17,465 [ERROR] com.example.loggingDemo.LoggingController [http-nio-8080-exec-1] there is an error
2024-02-04 17:39:17,465 [TRACE] com.example.loggingDemo.LoggingController [http-nio-8080-exec-1] Trace Trace Trace!!! home accessed!
2024-02-04 17:39:17,465 [INFO] com.example.loggingDemo.LoggingController [http-nio-8080-exec-1] Logger INFO!
2024-02-04 17:39:17,465 [WARN] com.example.loggingDemo.LoggingController [http-nio-8080-exec-1] Logger WARN!!!!!!
2024-02-04 17:39:17,701 [ERROR] com.example.loggingDemo.LoggingController [http-nio-8080-exec-2] there is an error
2024-02-04 17:39:17,701 [TRACE] com.example.loggingDemo.LoggingController [http-nio-8080-exec-2] Trace Trace Trace!!! home accessed!
2024-02-04 17:39:17,701 [INFO] com.example.loggingDemo.LoggingController [http-nio-8080-exec-2] Logger INFO!
2024-02-04 17:39:17,702 [WARN] com.example.loggingDemo.LoggingController [http-nio-8080-exec-2] Logger WARN!!!!!!
2024-02-04 17:39:17,927 [ERROR] com.example.loggingDemo.LoggingController [http-nio-8080-exec-3] there is an error
2024-02-04 17:39:17,927 [TRACE] com.example.loggingDemo.LoggingController [http-nio-8080-exec-3] Trace Trace Trace!!! home accessed!
2024-02-04 17:39:17,927 [INFO] com.example.loggingDemo.LoggingController [http-nio-8080-exec-3] Logger INFO!
2024-02-04 17:39:17,927 [WARN] com.example.loggingDemo.LoggingController [http-nio-8080-exec-3] Logger WARN!!!!!!
2024-02-04 17:39:18,245 [ERROR] com.example.loggingDemo.LoggingController [http-nio-8080-exec-7] there is an error
2024-02-04 17:39:18,245 [TRACE] com.example.loggingDemo.LoggingController [http-nio-8080-exec-7] Trace Trace Trace!!! home accessed!
2024-02-04 17:39:18,245 [INFO] com.example.loggingDemo.LoggingController [http-nio-8080-exec-7] Logger INFO!
2024-02-04 17:39:18,245 [WARN] com.example.loggingDemo.LoggingController [http-nio-8080-exec-7] Logger WARN!!!!!!
2024-02-04 17:39:18,462 [ERROR] com.example.loggingDemo.LoggingController [http-nio-8080-exec-6] there is an error
2024-02-04 17:39:18,462 [TRACE] com.example.loggingDemo.LoggingController [http-nio-8080-exec-6] Trace Trace Trace!!! home accessed!
2024-02-04 17:39:18,462 [INFO] com.example.loggingDemo.LoggingController [http-nio-8080-exec-6] Logger INFO!
2024-02-04 17:39:18,462 [WARN] com.example.loggingDemo.LoggingController [http-nio-8080-exec-6] Logger WARN!!!!!!
2024-02-04 17:39:18,640 [ERROR] com.example.loggingDemo.LoggingController [http-nio-8080-exec-5] there is an error
2024-02-04 17:39:18,640 [TRACE] com.example.loggingDemo.LoggingController [http-nio-8080-exec-5] Trace Trace Trace!!! home accessed!
2024-02-04 17:39:18,640 [INFO] com.example.loggingDemo.LoggingController [http-nio-8080-exec-5] Logger INFO!
2024-02-04 17:39:18,640 [WARN] com.example.loggingDemo.LoggingController [http-nio-8080-exec-5] Logger WARN!!!!!!
2024-02-04 17:39:18,864 [ERROR] com.example.loggingDemo.LoggingController [http-nio-8080-exec-4] there is an error
2024-02-04 17:39:18,864 [TRACE] com.example.loggingDemo.LoggingController [http-nio-8080-exec-4] Trace Trace Trace!!! home accessed!
2024-02-04 17:39:18,864 [INFO] com.example.loggingDemo.LoggingController [http-nio-8080-exec-4] Logger INFO!
2024-02-04 17:39:18,864 [WARN] com.example.loggingDemo.LoggingController [http-nio-8080-exec-4] Logger WARN!!!!!!
2024-02-04 17:39:19,080 [ERROR] com.example.loggingDemo.LoggingController [http-nio-8080-exec-8] there is an error
2024-02-04 17:39:19,080 [TRACE] com.example.loggingDemo.LoggingController [http-nio-8080-exec-8] Trace Trace Trace!!! home accessed!
2024-02-04 17:39:19,080 [INFO] com.example.loggingDemo.LoggingController [http-nio-8080-exec-8] Logger INFO!
2024-02-04 17:39:19,080 [WARN] com.example.loggingDemo.LoggingController [http-nio-8080-exec-8] Logger WARN!!!!!!
2024-02-04 17:39:19,248 [ERROR] com.example.loggingDemo.LoggingController [http-nio-8080-exec-9] there is an error
2024-02-04 17:39:19,248 [TRACE] com.example.loggingDemo.LoggingController [http-nio-8080-exec-9] Trace Trace Trace!!! home accessed!
2024-02-04 17:39:19,248 [INFO] com.example.loggingDemo.LoggingController [http-nio-8080-exec-9] Logger INFO!
2024-02-04 17:39:19,248 [WARN] com.example.loggingDemo.LoggingController [http-nio-8080-exec-9] Logger WARN!!!!!!
2024-02-04 17:39:19,448 [ERROR] com.example.loggingDemo.LoggingController [http-nio-8080-exec-10] there is an error
2024-02-04 17:39:19,448 [TRACE] com.example.loggingDemo.LoggingController [http-nio-8080-exec-10] Trace Trace Trace!!! home accessed!
2024-02-04 17:39:19,448 [INFO] com.example.loggingDemo.LoggingController [http-nio-8080-exec-10] Logger INFO!
2024-02-04 17:39:19,448 [WARN] com.example.loggingDemo.LoggingController [http-nio-8080-exec-10] Logger WARN!!!!!!
2024-02-04 17:39:19,760 [ERROR] com.example.loggingDemo.LoggingController [http-nio-8080-exec-1] there is an error
2024-02-04 17:39:19,760 [TRACE] com.example.loggingDemo.LoggingController [http-nio-8080-exec-1] Trace Trace Trace!!! home accessed!
2024-02-04 17:39:19,760 [INFO] com.example.loggingDemo.LoggingController [http-nio-8080-exec-1] Logger INFO!
2024-02-04 17:39:19,760 [WARN] com.example.loggingDemo.LoggingController [http-nio-8080-exec-1] Logger WARN!!!!!!
2024-02-04 17:39:20,113 [ERROR] com.example.loggingDemo.LoggingController [http-nio-8080-exec-2] there is an error
2024-02-04 17:39:20,113 [TRACE] com.example.loggingDemo.LoggingController [http-nio-8080-exec-2] Trace Trace Trace!!! home accessed!
2024-02-04 17:39:20,113 [INFO] com.example.loggingDemo.LoggingController [http-nio-8080-exec-2] Logger INFO!
2024-02-04 17:39:20,113 [WARN] com.example.loggingDemo.LoggingController [http-nio-8080-exec-2] Logger WARN!!!!!!
2024-02-04 17:39:20,415 [ERROR] com.example.loggingDemo.LoggingController [http-nio-8080-exec-3] there is an error
2024-02-04 17:39:20,415 [TRACE] com.example.loggingDemo.LoggingController [http-nio-8080-exec-3] Trace Trace Trace!!! home accessed!
2024-02-04 17:39:20,415 [INFO] com.example.loggingDemo.LoggingController [http-nio-8080-exec-3] Logger INFO!
2024-02-04 17:39:20,415 [WARN] com.example.loggingDemo.LoggingController [http-nio-8080-exec-3] Logger WARN!!!!!!
2024-02-04 17:39:20,652 [ERROR] com.example.loggingDemo.LoggingController [http-nio-8080-exec-7] there is an error
2024-02-04 17:39:20,652 [TRACE] com.example.loggingDemo.LoggingController [http-nio-8080-exec-7] Trace Trace Trace!!! home accessed!
2024-02-04 17:39:20,652 [INFO] com.example.loggingDemo.LoggingController [http-nio-8080-exec-7] Logger INFO!
2024-02-04 17:39:20,652 [WARN] com.example.loggingDemo.LoggingController [http-nio-8080-exec-7] Logger WARN!!!!!!
2024-02-04 17:39:20,817 [ERROR] com.example.loggingDemo.LoggingController [http-nio-8080-exec-6] there is an error
2024-02-04 17:39:20,817 [TRACE] com.example.loggingDemo.LoggingController [http-nio-8080-exec-6] Trace Trace Trace!!! home accessed!
2024-02-04 17:39:20,817 [INFO] com.example.loggingDemo.LoggingController [http-nio-8080-exec-6] Logger INFO!
2024-02-04 17:39:20,817 [WARN] com.example.loggingDemo.LoggingController [http-nio-8080-exec-6] Logger WARN!!!!!!
2024-02-04 17:39:21,015 [ERROR] com.example.loggingDemo.LoggingController [http-nio-8080-exec-5] there is an error
2024-02-04 17:39:21,015 [TRACE] com.example.loggingDemo.LoggingController [http-nio-8080-exec-5] Trace Trace Trace!!! home accessed!
2024-02-04 17:39:21,015 [INFO] com.example.loggingDemo.LoggingController [http-nio-8080-exec-5] Logger INFO!
2024-02-04 17:39:21,016 [WARN] com.example.loggingDemo.LoggingController [http-nio-8080-exec-5] Logger WARN!!!!!!
2024-02-04 17:39:27,984 [ERROR] com.example.loggingDemo.LoggingController [http-nio-8080-exec-4] there is an error
2024-02-04 17:39:27,984 [TRACE] com.example.loggingDemo.LoggingController [http-nio-8080-exec-4] Trace Trace Trace!!! home accessed!
2024-02-04 17:39:27,984 [INFO] com.example.loggingDemo.LoggingController [http-nio-8080-exec-4] Logger INFO!
2024-02-04 17:39:27,984 [WARN] com.example.loggingDemo.LoggingController [http-nio-8080-exec-4] Logger WARN!!!!!!
2024-02-04 17:39:28,719 [ERROR] com.example.loggingDemo.LoggingController [http-nio-8080-exec-8] there is an error
2024-02-04 17:39:28,719 [TRACE] com.example.loggingDemo.LoggingController [http-nio-8080-exec-8] Trace Trace Trace!!! home accessed!
2024-02-04 17:39:28,719 [INFO] com.example.loggingDemo.LoggingController [http-nio-8080-exec-8] Logger INFO!
2024-02-04 17:39:28,719 [WARN] com.example.loggingDemo.LoggingController [http-nio-8080-exec-8] Logger WARN!!!!!!
2024-02-04 17:39:30,008 [ERROR] com.example.loggingDemo.LoggingController [http-nio-8080-exec-9] there is an error
2024-02-04 17:39:30,008 [TRACE] com.example.loggingDemo.LoggingController [http-nio-8080-exec-9] Trace Trace Trace!!! home accessed!
2024-02-04 17:39:30,008 [INFO] com.example.loggingDemo.LoggingController [http-nio-8080-exec-9] Logger INFO!
2024-02-04 17:39:30,008 [WARN] com.example.loggingDemo.LoggingController [http-nio-8080-exec-9] Logger WARN!!!!!!
2024-02-04 17:39:40,639 [ERROR] com.example.loggingDemo.LoggingController [http-nio-8080-exec-10] there is an error
2024-02-04 17:39:40,639 [TRACE] com.example.loggingDemo.LoggingController [http-nio-8080-exec-10] Trace Trace Trace!!! home accessed!
2024-02-04 17:39:40,639 [INFO] com.example.loggingDemo.LoggingController [http-nio-8080-exec-10] Logger INFO!
2024-02-04 17:39:40,639 [WARN] com.example.loggingDemo.LoggingController [http-nio-8080-exec-10] Logger WARN!!!!!!
2024-02-04 17:39:43,232 [ERROR] com.example.loggingDemo.LoggingController [http-nio-8080-exec-1] there is an error
2024-02-04 17:39:43,232 [TRACE] com.example.loggingDemo.LoggingController [http-nio-8080-exec-1] Trace Trace Trace!!! home accessed!
2024-02-04 17:39:43,232 [INFO] com.example.loggingDemo.LoggingController [http-nio-8080-exec-1] Logger INFO!
2024-02-04 17:39:43,232 [WARN] com.example.loggingDemo.LoggingController [http-nio-8080-exec-1] Logger WARN!!!!!!
2024-02-04 17:52:46,416 [INFO] com.example.loggingDemo.LoggingDemoApplication [main] Starting LoggingDemoApplication using Java 17.0.6 with PID 2744 (D:\IdeaProjects\loggingDemo\target\classes started by ASUS in D:\IdeaProjects\loggingDemo)
2024-02-04 17:52:46,417 [DEBUG] com.example.loggingDemo.LoggingDemoApplication [main] Running with Spring Boot v3.2.2, Spring v6.1.3
2024-02-04 17:52:46,417 [INFO] com.example.loggingDemo.LoggingDemoApplication [main] No active profile set, falling back to 1 default profile: "default"
2024-02-04 17:52:46,801 [INFO] org.springframework.boot.web.embedded.tomcat.TomcatWebServer [main] Tomcat initialized with port 8080 (http)
2024-02-04 17:52:46,807 [INFO] org.apache.catalina.core.StandardService [main] Starting service [Tomcat]
2024-02-04 17:52:46,807 [INFO] org.apache.catalina.core.StandardEngine [main] Starting Servlet engine: [Apache Tomcat/10.1.18]
2024-02-04 17:52:46,831 [INFO] org.apache.catalina.core.ContainerBase.[Tomcat].[localhost].[/] [main] Initializing Spring embedded WebApplicationContext
2024-02-04 17:52:46,831 [INFO] org.springframework.boot.web.servlet.context.ServletWebServerApplicationContext [main] Root WebApplicationContext: initialization completed in 388 ms
2024-02-04 17:52:46,993 [INFO] org.springframework.boot.web.embedded.tomcat.TomcatWebServer [main] Tomcat started on port 8080 (http) with context path ''
2024-02-04 17:52:46,998 [INFO] com.example.loggingDemo.LoggingDemoApplication [main] Started LoggingDemoApplication in 0.776 seconds (process running for 1.027)
2024-02-04 17:52:50,849 [INFO] org.apache.catalina.core.ContainerBase.[Tomcat].[localhost].[/] [http-nio-8080-exec-1] Initializing Spring DispatcherServlet 'dispatcherServlet'
2024-02-04 17:52:50,850 [INFO] org.springframework.web.servlet.DispatcherServlet [http-nio-8080-exec-1] Initializing Servlet 'dispatcherServlet'
2024-02-04 17:52:50,850 [INFO] org.springframework.web.servlet.DispatcherServlet [http-nio-8080-exec-1] Completed initialization in 0 ms
2024-02-04 17:52:50,863 [ERROR] com.example.loggingDemo.LoggingController [http-nio-8080-exec-1] there is an error
2024-02-04 17:52:50,863 [TRACE] com.example.loggingDemo.LoggingController [http-nio-8080-exec-1] Trace Trace Trace!!! home accessed!
2024-02-04 17:52:50,863 [INFO] com.example.loggingDemo.LoggingController [http-nio-8080-exec-1] Logger INFO!
2024-02-04 17:52:50,863 [WARN] com.example.loggingDemo.LoggingController [http-nio-8080-exec-1] Logger WARN!!!!!!
2024-02-04 17:52:51,505 [ERROR] com.example.loggingDemo.LoggingController [http-nio-8080-exec-2] there is an error
2024-02-04 17:52:51,505 [TRACE] com.example.loggingDemo.LoggingController [http-nio-8080-exec-2] Trace Trace Trace!!! home accessed!
2024-02-04 17:52:51,505 [INFO] com.example.loggingDemo.LoggingController [http-nio-8080-exec-2] Logger INFO!
2024-02-04 17:52:51,505 [WARN] com.example.loggingDemo.LoggingController [http-nio-8080-exec-2] Logger WARN!!!!!!
