15:05:04.744 [http-nio-8080-exec-1] INFO  o.a.c.c.C.[Tomcat].[localhost].[/] - Initializing Spring DispatcherServlet 'dispatcherServlet'
15:05:04.745 [http-nio-8080-exec-1] INFO  o.s.web.servlet.DispatcherServlet - Initializing Servlet 'dispatcherServlet'
15:05:04.746 [http-nio-8080-exec-1] INFO  o.s.web.servlet.DispatcherServlet - Completed initialization in 1 ms
15:05:04.758 [http-nio-8080-exec-1] ERROR c.e.loggingDemo.LoggingController - there is an error
15:05:04.759 [http-nio-8080-exec-1] TRACE c.e.loggingDemo.LoggingController - Trace Trace Trace!!! home accessed!
15:05:04.759 [http-nio-8080-exec-1] INFO  c.e.loggingDemo.LoggingController - Logger INFO!
15:05:04.759 [http-nio-8080-exec-1] WARN  c.e.loggingDemo.LoggingController - Logger WARN!!!!!!
15:17:14.677 [main] INFO  c.e.l.LoggingDemoApplication - Starting LoggingDemoApplication using Java 17.0.6 with PID 12636 (C:\Dohatec project\Logging-in-Spring-Boot\target\classes started by ASUS in C:\Dohatec project\Logging-in-Spring-Boot)
15:17:14.677 [main] DEBUG c.e.l.LoggingDemoApplication - Running with Spring Boot v3.2.2, Spring v6.1.3
15:17:14.678 [main] INFO  c.e.l.LoggingDemoApplication - No active profile set, falling back to 1 default profile: "default"
15:17:15.085 [main] INFO  o.s.b.w.e.tomcat.TomcatWebServer - Tomcat initialized with port 8080 (http)
15:17:15.090 [main] INFO  o.a.coyote.http11.Http11NioProtocol - Initializing ProtocolHandler ["http-nio-8080"]
15:17:15.091 [main] INFO  o.a.catalina.core.StandardService - Starting service [Tomcat]
15:17:15.091 [main] INFO  o.a.catalina.core.StandardEngine - Starting Servlet engine: [Apache Tomcat/10.1.18]
15:17:15.115 [main] INFO  o.a.c.c.C.[Tomcat].[localhost].[/] - Initializing Spring embedded WebApplicationContext
15:17:15.116 [main] INFO  o.s.b.w.s.c.ServletWebServerApplicationContext - Root WebApplicationContext: initialization completed in 404 ms
15:17:15.287 [main] INFO  o.a.coyote.http11.Http11NioProtocol - Starting ProtocolHandler ["http-nio-8080"]
15:17:15.297 [main] INFO  o.s.b.w.e.tomcat.TomcatWebServer - Tomcat started on port 8080 (http) with context path ''
15:17:15.302 [main] INFO  c.e.l.LoggingDemoApplication - Started LoggingDemoApplication in 0.792 seconds (process running for 1.105)
15:17:16.637 [http-nio-8080-exec-1] INFO  o.a.c.c.C.[Tomcat].[localhost].[/] - Initializing Spring DispatcherServlet 'dispatcherServlet'
15:17:16.637 [http-nio-8080-exec-1] INFO  o.s.web.servlet.DispatcherServlet - Initializing Servlet 'dispatcherServlet'
15:17:16.637 [http-nio-8080-exec-1] INFO  o.s.web.servlet.DispatcherServlet - Completed initialization in 0 ms
15:17:16.650 [http-nio-8080-exec-1] ERROR c.e.loggingDemo.LoggingController - there is an error
15:17:16.650 [http-nio-8080-exec-1] TRACE c.e.loggingDemo.LoggingController - Trace Trace Trace!!! home accessed!
15:17:16.650 [http-nio-8080-exec-1] INFO  c.e.loggingDemo.LoggingController - Logger INFO!
15:17:16.650 [http-nio-8080-exec-1] WARN  c.e.loggingDemo.LoggingController - Logger WARN!!!!!!
15:17:22.251 [http-nio-8080-exec-5] ERROR c.e.loggingDemo.LoggingController - there is an error
15:17:22.251 [http-nio-8080-exec-5] TRACE c.e.loggingDemo.LoggingController - Trace Trace Trace!!! home accessed!
15:17:22.251 [http-nio-8080-exec-5] INFO  c.e.loggingDemo.LoggingController - Logger INFO!
15:17:22.251 [http-nio-8080-exec-5] WARN  c.e.loggingDemo.LoggingController - Logger WARN!!!!!!
15:17:25.282 [http-nio-8080-exec-8] ERROR c.e.loggingDemo.LoggingController - there is an error
15:17:25.282 [http-nio-8080-exec-8] TRACE c.e.loggingDemo.LoggingController - Trace Trace Trace!!! home accessed!
15:17:25.282 [http-nio-8080-exec-8] INFO  c.e.loggingDemo.LoggingController - Logger INFO!
15:17:25.282 [http-nio-8080-exec-8] WARN  c.e.loggingDemo.LoggingController - Logger WARN!!!!!!
15:18:48.396 [http-nio-8080-exec-6] ERROR c.e.loggingDemo.LoggingController - there is an error
15:18:48.396 [http-nio-8080-exec-6] TRACE c.e.loggingDemo.LoggingController - Trace Trace Trace!!! home accessed!
15:18:48.396 [http-nio-8080-exec-6] INFO  c.e.loggingDemo.LoggingController - Logger INFO!
15:18:48.396 [http-nio-8080-exec-6] WARN  c.e.loggingDemo.LoggingController - Logger WARN!!!!!!
15:20:51.121 [main] INFO  c.e.l.LoggingDemoApplication - Starting LoggingDemoApplication using Java 17.0.6 with PID 1312 (C:\Dohatec project\Logging-in-Spring-Boot\target\classes started by ASUS in C:\Dohatec project\Logging-in-Spring-Boot)
15:20:51.122 [main] DEBUG c.e.l.LoggingDemoApplication - Running with Spring Boot v3.2.2, Spring v6.1.3
15:20:51.123 [main] INFO  c.e.l.LoggingDemoApplication - No active profile set, falling back to 1 default profile: "default"
15:20:51.535 [main] INFO  o.s.b.w.e.tomcat.TomcatWebServer - Tomcat initialized with port 8080 (http)
15:20:51.540 [main] INFO  o.a.coyote.http11.Http11NioProtocol - Initializing ProtocolHandler ["http-nio-8080"]
15:20:51.541 [main] INFO  o.a.catalina.core.StandardService - Starting service [Tomcat]
15:20:51.541 [main] INFO  o.a.catalina.core.StandardEngine - Starting Servlet engine: [Apache Tomcat/10.1.18]
15:20:51.566 [main] INFO  o.a.c.c.C.[Tomcat].[localhost].[/] - Initializing Spring embedded WebApplicationContext
15:20:51.567 [main] INFO  o.s.b.w.s.c.ServletWebServerApplicationContext - Root WebApplicationContext: initialization completed in 414 ms
15:20:51.735 [main] INFO  o.a.coyote.http11.Http11NioProtocol - Starting ProtocolHandler ["http-nio-8080"]
15:20:51.744 [main] INFO  o.s.b.w.e.tomcat.TomcatWebServer - Tomcat started on port 8080 (http) with context path ''
15:20:51.749 [main] INFO  c.e.l.LoggingDemoApplication - Started LoggingDemoApplication in 0.799 seconds (process running for 1.111)
15:21:04.553 [http-nio-8080-exec-1] INFO  o.a.c.c.C.[Tomcat].[localhost].[/] - Initializing Spring DispatcherServlet 'dispatcherServlet'
15:21:04.553 [http-nio-8080-exec-1] INFO  o.s.web.servlet.DispatcherServlet - Initializing Servlet 'dispatcherServlet'
15:21:04.554 [http-nio-8080-exec-1] INFO  o.s.web.servlet.DispatcherServlet - Completed initialization in 1 ms
15:21:04.568 [http-nio-8080-exec-1] ERROR c.e.loggingDemo.LoggingController - there is an error
15:21:04.568 [http-nio-8080-exec-1] TRACE c.e.loggingDemo.LoggingController - Trace Trace Trace!!! home accessed!
15:21:04.568 [http-nio-8080-exec-1] INFO  c.e.loggingDemo.LoggingController - Logger INFO!
15:21:04.568 [http-nio-8080-exec-1] WARN  c.e.loggingDemo.LoggingController - Logger WARN!!!!!!
15:21:05.539 [http-nio-8080-exec-3] ERROR c.e.loggingDemo.LoggingController - there is an error
15:21:05.539 [http-nio-8080-exec-3] TRACE c.e.loggingDemo.LoggingController - Trace Trace Trace!!! home accessed!
15:21:05.539 [http-nio-8080-exec-3] INFO  c.e.loggingDemo.LoggingController - Logger INFO!
15:21:05.539 [http-nio-8080-exec-3] WARN  c.e.loggingDemo.LoggingController - Logger WARN!!!!!!
15:21:06.036 [http-nio-8080-exec-2] ERROR c.e.loggingDemo.LoggingController - there is an error
15:21:06.036 [http-nio-8080-exec-2] TRACE c.e.loggingDemo.LoggingController - Trace Trace Trace!!! home accessed!
15:21:06.036 [http-nio-8080-exec-2] INFO  c.e.loggingDemo.LoggingController - Logger INFO!
15:21:06.036 [http-nio-8080-exec-2] WARN  c.e.loggingDemo.LoggingController - Logger WARN!!!!!!
15:21:16.084 [http-nio-8080-exec-4] ERROR c.e.loggingDemo.LoggingController - there is an error
15:21:16.084 [http-nio-8080-exec-4] TRACE c.e.loggingDemo.LoggingController - Trace Trace Trace!!! home accessed!
15:21:16.084 [http-nio-8080-exec-4] INFO  c.e.loggingDemo.LoggingController - Logger INFO!
15:21:16.084 [http-nio-8080-exec-4] WARN  c.e.loggingDemo.LoggingController - Logger WARN!!!!!!
15:21:17.409 [http-nio-8080-exec-5] ERROR c.e.loggingDemo.LoggingController - there is an error
15:21:17.409 [http-nio-8080-exec-5] TRACE c.e.loggingDemo.LoggingController - Trace Trace Trace!!! home accessed!
15:21:17.409 [http-nio-8080-exec-5] INFO  c.e.loggingDemo.LoggingController - Logger INFO!
15:21:17.409 [http-nio-8080-exec-5] WARN  c.e.loggingDemo.LoggingController - Logger WARN!!!!!!
15:21:18.139 [http-nio-8080-exec-6] ERROR c.e.loggingDemo.LoggingController - there is an error
15:21:18.140 [http-nio-8080-exec-6] TRACE c.e.loggingDemo.LoggingController - Trace Trace Trace!!! home accessed!
15:21:18.140 [http-nio-8080-exec-6] INFO  c.e.loggingDemo.LoggingController - Logger INFO!
15:21:18.140 [http-nio-8080-exec-6] WARN  c.e.loggingDemo.LoggingController - Logger WARN!!!!!!
15:21:18.890 [http-nio-8080-exec-8] ERROR c.e.loggingDemo.LoggingController - there is an error
15:21:18.890 [http-nio-8080-exec-8] TRACE c.e.loggingDemo.LoggingController - Trace Trace Trace!!! home accessed!
15:21:18.890 [http-nio-8080-exec-8] INFO  c.e.loggingDemo.LoggingController - Logger INFO!
15:21:18.890 [http-nio-8080-exec-8] WARN  c.e.loggingDemo.LoggingController - Logger WARN!!!!!!
15:21:30.029 [http-nio-8080-exec-7] ERROR c.e.loggingDemo.LoggingController - there is an error
15:21:30.029 [http-nio-8080-exec-7] TRACE c.e.loggingDemo.LoggingController - Trace Trace Trace!!! home accessed!
15:21:30.029 [http-nio-8080-exec-7] INFO  c.e.loggingDemo.LoggingController - Logger INFO!
15:21:30.029 [http-nio-8080-exec-7] WARN  c.e.loggingDemo.LoggingController - Logger WARN!!!!!!
15:21:36.379 [http-nio-8080-exec-9] ERROR c.e.loggingDemo.LoggingController - there is an error
15:21:36.379 [http-nio-8080-exec-9] TRACE c.e.loggingDemo.LoggingController - Trace Trace Trace!!! home accessed!
15:21:36.379 [http-nio-8080-exec-9] INFO  c.e.loggingDemo.LoggingController - Logger INFO!
15:21:36.379 [http-nio-8080-exec-9] WARN  c.e.loggingDemo.LoggingController - Logger WARN!!!!!!
15:21:45.147 [http-nio-8080-exec-10] ERROR c.e.loggingDemo.LoggingController - there is an error
15:21:45.147 [http-nio-8080-exec-10] TRACE c.e.loggingDemo.LoggingController - Trace Trace Trace!!! home accessed!
15:21:45.147 [http-nio-8080-exec-10] INFO  c.e.loggingDemo.LoggingController - Logger INFO!
15:21:45.147 [http-nio-8080-exec-10] WARN  c.e.loggingDemo.LoggingController - Logger WARN!!!!!!
15:23:15.029 [http-nio-8080-exec-2] ERROR c.e.loggingDemo.LoggingController - there is an error
15:23:15.029 [http-nio-8080-exec-2] TRACE c.e.loggingDemo.LoggingController - Trace Trace Trace!!! home accessed!
15:23:15.029 [http-nio-8080-exec-2] INFO  c.e.loggingDemo.LoggingController - Logger INFO!
15:23:15.029 [http-nio-8080-exec-2] WARN  c.e.loggingDemo.LoggingController - Logger WARN!!!!!!
15:23:24.915 [http-nio-8080-exec-4] ERROR c.e.loggingDemo.LoggingController - there is an error
15:23:24.916 [http-nio-8080-exec-4] TRACE c.e.loggingDemo.LoggingController - Trace Trace Trace!!! home accessed!
15:23:24.916 [http-nio-8080-exec-4] INFO  c.e.loggingDemo.LoggingController - Logger INFO!
15:23:24.916 [http-nio-8080-exec-4] WARN  c.e.loggingDemo.LoggingController - Logger WARN!!!!!!
15:23:25.545 [http-nio-8080-exec-5] ERROR c.e.loggingDemo.LoggingController - there is an error
15:23:25.545 [http-nio-8080-exec-5] TRACE c.e.loggingDemo.LoggingController - Trace Trace Trace!!! home accessed!
15:23:25.545 [http-nio-8080-exec-5] INFO  c.e.loggingDemo.LoggingController - Logger INFO!
15:23:25.546 [http-nio-8080-exec-5] WARN  c.e.loggingDemo.LoggingController - Logger WARN!!!!!!
15:23:25.672 [http-nio-8080-exec-6] ERROR c.e.loggingDemo.LoggingController - there is an error
15:23:25.672 [http-nio-8080-exec-6] TRACE c.e.loggingDemo.LoggingController - Trace Trace Trace!!! home accessed!
15:23:25.672 [http-nio-8080-exec-6] INFO  c.e.loggingDemo.LoggingController - Logger INFO!
15:23:25.672 [http-nio-8080-exec-6] WARN  c.e.loggingDemo.LoggingController - Logger WARN!!!!!!
15:23:26.084 [http-nio-8080-exec-8] ERROR c.e.loggingDemo.LoggingController - there is an error
15:23:26.084 [http-nio-8080-exec-8] TRACE c.e.loggingDemo.LoggingController - Trace Trace Trace!!! home accessed!
15:23:26.084 [http-nio-8080-exec-8] INFO  c.e.loggingDemo.LoggingController - Logger INFO!
15:23:26.084 [http-nio-8080-exec-8] WARN  c.e.loggingDemo.LoggingController - Logger WARN!!!!!!
15:23:31.897 [http-nio-8080-exec-7] ERROR c.e.loggingDemo.LoggingController - there is an error
15:23:31.898 [http-nio-8080-exec-7] TRACE c.e.loggingDemo.LoggingController - Trace Trace Trace!!! home accessed!
15:23:31.898 [http-nio-8080-exec-7] INFO  c.e.loggingDemo.LoggingController - Logger INFO!
15:23:31.898 [http-nio-8080-exec-7] WARN  c.e.loggingDemo.LoggingController - Logger WARN!!!!!!
15:23:32.226 [http-nio-8080-exec-9] ERROR c.e.loggingDemo.LoggingController - there is an error
15:23:32.226 [http-nio-8080-exec-9] TRACE c.e.loggingDemo.LoggingController - Trace Trace Trace!!! home accessed!
15:23:32.226 [http-nio-8080-exec-9] INFO  c.e.loggingDemo.LoggingController - Logger INFO!
15:23:32.226 [http-nio-8080-exec-9] WARN  c.e.loggingDemo.LoggingController - Logger WARN!!!!!!
15:23:35.019 [http-nio-8080-exec-10] ERROR c.e.loggingDemo.LoggingController - there is an error
15:23:35.019 [http-nio-8080-exec-10] TRACE c.e.loggingDemo.LoggingController - Trace Trace Trace!!! home accessed!
15:23:35.019 [http-nio-8080-exec-10] INFO  c.e.loggingDemo.LoggingController - Logger INFO!
15:23:35.019 [http-nio-8080-exec-10] WARN  c.e.loggingDemo.LoggingController - Logger WARN!!!!!!
15:23:35.355 [http-nio-8080-exec-1] ERROR c.e.loggingDemo.LoggingController - there is an error
15:23:35.355 [http-nio-8080-exec-1] TRACE c.e.loggingDemo.LoggingController - Trace Trace Trace!!! home accessed!
15:23:35.355 [http-nio-8080-exec-1] INFO  c.e.loggingDemo.LoggingController - Logger INFO!
15:23:35.355 [http-nio-8080-exec-1] WARN  c.e.loggingDemo.LoggingController - Logger WARN!!!!!!
15:23:39.090 [http-nio-8080-exec-3] ERROR c.e.loggingDemo.LoggingController - there is an error
15:23:39.090 [http-nio-8080-exec-3] TRACE c.e.loggingDemo.LoggingController - Trace Trace Trace!!! home accessed!
15:23:39.090 [http-nio-8080-exec-3] INFO  c.e.loggingDemo.LoggingController - Logger INFO!
15:23:39.090 [http-nio-8080-exec-3] WARN  c.e.loggingDemo.LoggingController - Logger WARN!!!!!!
