15:33:48.591 [main] INFO  c.e.l.LoggingDemoApplication - Starting LoggingDemoApplication using Java 17.0.6 with PID 17052 (C:\Dohatec project\Logging-in-Spring-Boot\target\classes started by ASUS in C:\Dohatec project\Logging-in-Spring-Boot)
15:33:48.594 [main] DEBUG c.e.l.LoggingDemoApplication - Running with Spring Boot v3.2.2, Spring v6.1.3
15:33:48.594 [main] INFO  c.e.l.LoggingDemoApplication - No active profile set, falling back to 1 default profile: "default"
15:33:49.015 [main] INFO  o.s.b.w.e.tomcat.TomcatWebServer - Tomcat initialized with port 8080 (http)
15:33:49.021 [main] INFO  o.a.coyote.http11.Http11NioProtocol - Initializing ProtocolHandler ["http-nio-8080"]
15:33:49.022 [main] INFO  o.a.catalina.core.StandardService - Starting service [Tomcat]
15:33:49.022 [main] INFO  o.a.catalina.core.StandardEngine - Starting Servlet engine: [Apache Tomcat/10.1.18]
15:33:49.052 [main] INFO  o.a.c.c.C.[Tomcat].[localhost].[/] - Initializing Spring embedded WebApplicationContext
15:33:49.052 [main] INFO  o.s.b.w.s.c.ServletWebServerApplicationContext - Root WebApplicationContext: initialization completed in 430 ms
15:33:49.212 [main] INFO  o.a.coyote.http11.Http11NioProtocol - Starting ProtocolHandler ["http-nio-8080"]
15:33:49.221 [main] INFO  o.s.b.w.e.tomcat.TomcatWebServer - Tomcat started on port 8080 (http) with context path ''
15:33:49.225 [main] INFO  c.e.l.LoggingDemoApplication - Started LoggingDemoApplication in 0.798 seconds (process running for 1.224)
15:33:51.283 [http-nio-8080-exec-1] INFO  o.a.c.c.C.[Tomcat].[localhost].[/] - Initializing Spring DispatcherServlet 'dispatcherServlet'
15:33:51.283 [http-nio-8080-exec-1] INFO  o.s.web.servlet.DispatcherServlet - Initializing Servlet 'dispatcherServlet'
15:33:51.283 [http-nio-8080-exec-1] INFO  o.s.web.servlet.DispatcherServlet - Completed initialization in 0 ms
15:33:51.295 [http-nio-8080-exec-1] ERROR c.e.loggingDemo.LoggingController - there is an error
15:33:51.295 [http-nio-8080-exec-1] TRACE c.e.loggingDemo.LoggingController - Trace Trace Trace!!! home accessed!
15:33:51.295 [http-nio-8080-exec-1] INFO  c.e.loggingDemo.LoggingController - Logger INFO!
15:33:51.295 [http-nio-8080-exec-1] WARN  c.e.loggingDemo.LoggingController - Logger WARN!!!!!!
15:33:52.963 [http-nio-8080-exec-3] ERROR c.e.loggingDemo.LoggingController - there is an error
15:33:52.963 [http-nio-8080-exec-3] TRACE c.e.loggingDemo.LoggingController - Trace Trace Trace!!! home accessed!
15:33:52.963 [http-nio-8080-exec-3] INFO  c.e.loggingDemo.LoggingController - Logger INFO!
15:33:52.963 [http-nio-8080-exec-3] WARN  c.e.loggingDemo.LoggingController - Logger WARN!!!!!!
